2019-10-19 15:18:09,004--[INFO]: 登录的url为:http://192.168.20.57:9581/zzs_kpfw_manager/login.htm
2019-10-19 15:18:11,508--[INFO]: 识别出的验证码:9660
2019-10-19 15:18:11,652--[INFO]: 输入账号.....
2019-10-19 15:18:12,798--[INFO]: 输入密码.....
2019-10-19 15:18:13,898--[INFO]: 输入验证码......
2019-10-19 15:18:15,113--[INFO]: 登录....
2019-10-19 15:18:18,125--[INFO]: 验证码不正确,重新请求网页
2019-10-19 15:18:21,525--[INFO]: 识别出的验证码:6096
2019-10-19 15:18:21,854--[INFO]: 输入账号.....
2019-10-19 15:18:22,963--[INFO]: 输入密码.....
2019-10-19 15:18:24,046--[INFO]: 输入验证码......
2019-10-19 15:18:25,282--[INFO]: 登录....
2019-10-19 15:18:28,298--[INFO]: 验证码不正确,重新请求网页
2019-10-19 15:18:31,666--[INFO]: 识别出的验证码:None
2019-10-19 15:18:32,666--[INFO]: 识别为None,重新刷新网页继续识别
2019-10-19 15:18:34,626--[INFO]: 识别出的验证码:6028
2019-10-19 15:18:34,718--[INFO]: 输入账号.....
2019-10-19 15:18:35,840--[INFO]: 输入密码.....
2019-10-19 15:18:36,916--[INFO]: 输入验证码......
2019-10-19 15:18:40,203--[INFO]: 登录....
2019-10-19 15:18:43,214--[INFO]: 登录成功
2019-10-20 13:33:24,754--[INFO]: 登录的url为:http://192.168.20.152:8081/zzs_kpfw_manager/login.htm
2019-10-20 13:33:27,291--[INFO]: 识别出的验证码:4008
2019-10-20 13:33:27,426--[INFO]: 输入账号.....
2019-10-20 13:33:28,597--[INFO]: 输入密码.....
2019-10-20 13:33:29,698--[INFO]: 输入验证码......
2019-10-20 13:33:33,651--[INFO]: 登录....
2019-10-20 13:33:36,663--[INFO]: 登录成功
2019-10-20 13:33:44,895--[INFO]: 关闭http://192.168.20.152:8081/zzs_kpfw_manager/login.htm页面
2019-10-20 13:33:44,896--[INFO]: 



2019-10-20 13:37:33,441--[INFO]: 登录的url为:http://192.168.20.193:8081/zzs_kpfw_manager/login.htm
2019-10-20 13:37:35,931--[INFO]: 识别出的验证码:1635
2019-10-20 13:37:36,148--[INFO]: 输入账号.....
2019-10-20 13:37:37,261--[INFO]: 输入密码.....
2019-10-20 13:37:38,371--[INFO]: 输入验证码......
2019-10-20 13:37:42,107--[INFO]: 登录....
2019-10-20 13:37:45,117--[INFO]: 登录成功
2019-10-20 13:37:53,444--[INFO]: 关闭http://192.168.20.193:8081/zzs_kpfw_manager/login.htm页面
2019-10-20 13:37:53,445--[INFO]: 



2019-10-20 13:37:56,866--[INFO]: 登录的url为:http://192.168.20.152:8081/zzs_kpfw_manager/login.htm
2019-10-20 13:37:59,069--[INFO]: 识别出的验证码:0232
2019-10-20 13:37:59,220--[INFO]: 输入账号.....
2019-10-20 13:38:00,368--[INFO]: 输入密码.....
2019-10-20 13:38:01,463--[INFO]: 输入验证码......
2019-10-20 13:38:05,289--[INFO]: 登录....
2019-10-20 13:38:08,299--[INFO]: 登录成功
2019-10-20 13:38:16,524--[INFO]: 关闭http://192.168.20.152:8081/zzs_kpfw_manager/login.htm页面
2019-10-20 13:38:16,524--[INFO]: 



2019-10-20 13:38:20,889--[INFO]: 登录的url为:http://192.168.20.57:9081/zzs_kpfw_manager/login.htm
2019-10-20 13:38:23,247--[INFO]: 识别出的验证码:299
2019-10-20 13:38:24,247--[INFO]: 验证码不足4位,重新刷新网页继续识别
2019-10-20 13:38:25,934--[INFO]: 识别出的验证码:1734
2019-10-20 13:38:26,119--[INFO]: 输入账号.....
2019-10-20 13:38:27,288--[INFO]: 输入密码.....
2019-10-20 13:38:28,384--[INFO]: 输入验证码......
2019-10-20 13:38:34,109--[INFO]: 登录....
2019-10-20 13:38:37,120--[INFO]: 登录成功
2019-10-20 13:38:45,436--[INFO]: 关闭http://192.168.20.57:9081/zzs_kpfw_manager/login.htm页面
2019-10-20 13:38:45,437--[INFO]: 



2019-10-20 13:39:36,501--[INFO]: 登录的url为:http://192.168.20.57:9081/zzs_kpfw_manager/login.htm
2019-10-20 13:39:38,896--[INFO]: 识别出的验证码:77
2019-10-20 13:39:39,896--[INFO]: 验证码不足4位,重新刷新网页继续识别
2019-10-20 13:39:41,403--[INFO]: 识别出的验证码:1390
2019-10-20 13:39:41,590--[INFO]: 输入账号.....
2019-10-20 13:39:42,733--[INFO]: 输入密码.....
2019-10-20 13:39:43,826--[INFO]: 输入验证码......
2019-10-20 13:39:50,286--[INFO]: 登录....
2019-10-20 13:39:53,296--[INFO]: 登录成功
2019-10-20 13:40:01,644--[INFO]: 关闭http://192.168.20.57:9081/zzs_kpfw_manager/login.htm页面
2019-10-20 13:40:01,644--[INFO]: 



2019-10-20 13:41:32,397--[INFO]: 登录的url为:http://192.168.20.152:8081/zzs_kpfw_manager/login.htm
2019-10-20 13:41:34,770--[INFO]: 识别出的验证码:2665
2019-10-20 13:41:34,937--[INFO]: 输入账号.....
2019-10-20 13:41:36,104--[INFO]: 输入密码.....
2019-10-20 13:41:37,227--[INFO]: 输入验证码......
2019-10-20 13:41:38,544--[INFO]: 登录....
2019-10-20 13:41:41,555--[INFO]: 验证码不正确,重新请求网页
2019-10-20 13:41:44,822--[INFO]: 识别出的验证码:2767
2019-10-20 13:41:44,944--[INFO]: 输入账号.....
2019-10-20 13:41:46,102--[INFO]: 输入密码.....
2019-10-20 13:41:47,195--[INFO]: 输入验证码......
2019-10-20 13:41:48,475--[INFO]: 登录....
2019-10-20 13:41:51,481--[INFO]: 验证码不正确,重新请求网页
2019-10-20 13:41:54,772--[INFO]: 识别出的验证码:7303
2019-10-20 13:41:54,872--[INFO]: 输入账号.....
2019-10-20 13:41:56,009--[INFO]: 输入密码.....
2019-10-20 13:41:57,104--[INFO]: 输入验证码......
2019-10-20 13:42:00,560--[INFO]: 登录....
2019-10-20 13:42:03,572--[INFO]: 登录成功
2019-10-20 13:42:11,902--[INFO]: 关闭http://192.168.20.152:8081/zzs_kpfw_manager/login.htm页面
2019-10-20 13:42:11,902--[INFO]: 



2019-10-20 13:42:16,302--[INFO]: 登录的url为:http://192.168.20.57:9081/zzs_kpfw_manager/login.htm
2019-10-20 13:42:18,941--[INFO]: 识别出的验证码:5944
2019-10-20 13:42:19,059--[INFO]: 输入账号.....
2019-10-20 13:42:20,165--[INFO]: 输入密码.....
2019-10-20 13:42:21,239--[INFO]: 输入验证码......
2019-10-20 13:42:26,365--[INFO]: 登录....
2019-10-20 13:42:29,377--[INFO]: 登录成功
2019-10-20 13:42:37,591--[INFO]: 关闭http://192.168.20.57:9081/zzs_kpfw_manager/login.htm页面
2019-10-20 13:42:37,591--[INFO]: 



2019-10-20 13:42:48,669--[INFO]: 登录的url为:http://192.168.20.193:8081/zzs_kpfw_manager/login.htm
2019-10-20 13:42:51,129--[INFO]: 识别出的验证码:369
2019-10-20 13:42:52,129--[INFO]: 验证码不足4位,重新刷新网页继续识别
2019-10-20 13:42:53,584--[INFO]: 识别出的验证码:942
2019-10-20 13:42:54,585--[INFO]: 验证码不足4位,重新刷新网页继续识别
2019-10-20 13:42:55,866--[INFO]: 识别出的验证码:None
2019-10-20 13:42:56,867--[INFO]: 识别为None,重新刷新网页继续识别
2019-10-20 13:42:58,207--[INFO]: 识别出的验证码:894
2019-10-20 13:42:59,207--[INFO]: 验证码不足4位,重新刷新网页继续识别
2019-10-20 13:43:00,487--[INFO]: 识别出的验证码:2086
2019-10-20 13:43:00,647--[INFO]: 输入账号.....
2019-10-20 13:43:01,804--[INFO]: 输入密码.....
2019-10-20 13:43:02,904--[INFO]: 输入验证码......
2019-10-20 13:43:04,193--[INFO]: 登录....
2019-10-20 13:43:07,201--[INFO]: 验证码不正确,重新请求网页
2019-10-20 13:43:10,626--[INFO]: 识别出的验证码:3053
2019-10-20 13:43:10,742--[INFO]: 输入账号.....
2019-10-20 13:43:11,882--[INFO]: 输入密码.....
2019-10-20 13:43:12,971--[INFO]: 输入验证码......
2019-10-20 13:43:14,221--[INFO]: 登录....
2019-10-20 13:43:17,228--[INFO]: 验证码不正确,重新请求网页
2019-10-20 13:43:20,539--[INFO]: 识别出的验证码:874
2019-10-20 13:43:21,539--[INFO]: 验证码不足4位,重新刷新网页继续识别
2019-10-20 13:43:22,815--[INFO]: 识别出的验证码:6663
2019-10-20 13:43:22,925--[INFO]: 输入账号.....
2019-10-20 13:43:24,061--[INFO]: 输入密码.....
2019-10-20 13:43:25,150--[INFO]: 输入验证码......
2019-10-20 13:43:26,420--[INFO]: 登录....
2019-10-20 13:43:29,429--[INFO]: 验证码不正确,重新请求网页
2019-10-20 13:43:32,741--[INFO]: 识别出的验证码:None
2019-10-20 13:43:33,742--[INFO]: 识别为None,重新刷新网页继续识别
2019-10-20 13:43:35,044--[INFO]: 识别出的验证码:0768
2019-10-20 13:43:35,138--[INFO]: 输入账号.....
2019-10-20 13:43:36,300--[INFO]: 输入密码.....
2019-10-20 13:43:37,390--[INFO]: 输入验证码......
2019-10-20 13:43:38,666--[INFO]: 登录....
2019-10-20 13:43:41,677--[INFO]: 验证码不正确,重新请求网页
2019-10-20 13:43:45,381--[INFO]: 识别出的验证码:None
2019-10-20 13:43:46,381--[INFO]: 识别为None,重新刷新网页继续识别
2019-10-20 13:43:47,707--[INFO]: 识别出的验证码:2208
2019-10-20 13:43:47,808--[INFO]: 输入账号.....
2019-10-20 13:43:48,941--[INFO]: 输入密码.....
2019-10-20 13:43:50,040--[INFO]: 输入验证码......
2019-10-20 13:43:54,267--[INFO]: 登录....
2019-10-20 13:43:57,277--[INFO]: 登录成功
2019-10-20 13:44:05,590--[INFO]: 关闭http://192.168.20.193:8081/zzs_kpfw_manager/login.htm页面
2019-10-20 13:44:05,591--[INFO]: 



2019-10-20 13:51:11,571--[INFO]: 登录的url为:http://192.168.20.57:9081/zzs_kpfw_manager/login.htm
2019-10-20 13:51:13,865--[INFO]: 识别出的验证码:089
2019-10-20 13:51:14,865--[INFO]: 验证码不足4位,重新刷新网页继续识别
2019-10-20 13:51:16,383--[INFO]: 识别出的验证码:2170
2019-10-20 13:51:16,557--[INFO]: 输入账号.....
2019-10-20 13:51:17,748--[INFO]: 输入密码.....
2019-10-20 13:51:18,850--[INFO]: 输入验证码......
2019-10-20 13:51:24,035--[INFO]: 登录....
2019-10-20 13:51:27,046--[INFO]: 登录成功
2019-10-20 13:51:35,326--[INFO]: 关闭http://192.168.20.57:9081/zzs_kpfw_manager/login.htm页面
2019-10-20 13:51:35,327--[INFO]: 



2019-10-20 13:52:12,107--[INFO]: 登录的url为:http://192.168.20.57:9081/zzs_kpfw_manager/login.htm
2019-10-20 13:52:14,723--[INFO]: 识别出的验证码:7118
2019-10-20 13:52:14,806--[INFO]: 输入账号.....
2019-10-20 13:52:15,903--[INFO]: 输入密码.....
2019-10-20 13:52:16,977--[INFO]: 输入验证码......
2019-10-20 13:52:18,443--[INFO]: 登录....
2019-10-20 13:52:21,451--[INFO]: 验证码不正确,重新请求网页
2019-10-20 13:52:24,871--[INFO]: 识别出的验证码:691
2019-10-20 13:52:25,872--[INFO]: 验证码不足4位,重新刷新网页继续识别
2019-10-20 13:52:27,324--[INFO]: 识别出的验证码:617
2019-10-20 13:52:28,324--[INFO]: 验证码不足4位,重新刷新网页继续识别
2019-10-20 13:52:30,056--[INFO]: 识别出的验证码:5918
2019-10-20 13:52:30,225--[INFO]: 输入账号.....
2019-10-20 13:52:31,331--[INFO]: 输入密码.....
2019-10-20 13:52:32,413--[INFO]: 输入验证码......
2019-10-20 13:52:33,757--[INFO]: 登录....
2019-10-20 13:52:36,769--[INFO]: 验证码不正确,重新请求网页
2019-10-20 13:52:40,290--[INFO]: 识别出的验证码:5114
2019-10-20 13:52:40,436--[INFO]: 输入账号.....
2019-10-20 13:52:41,601--[INFO]: 输入密码.....
2019-10-20 13:52:42,706--[INFO]: 输入验证码......
2019-10-20 13:52:47,611--[INFO]: 登录....
2019-10-20 13:52:50,620--[INFO]: 登录成功
2019-10-20 13:52:58,828--[INFO]: 关闭http://192.168.20.57:9081/zzs_kpfw_manager/login.htm页面
2019-10-20 13:52:58,828--[INFO]: 



2019-10-20 14:10:37,776--[INFO]: 登录的url为:http://192.168.20.152:8081/zzs_kpfw_manager/login.htm
2019-10-20 14:10:40,088--[INFO]: 识别出的验证码:264
2019-10-20 14:10:41,088--[INFO]: 验证码不足4位,重新刷新网页继续识别
2019-10-20 14:10:42,898--[INFO]: 识别出的验证码:8646
2019-10-20 14:10:43,100--[INFO]: 输入账号.....
2019-10-20 14:10:44,258--[INFO]: 输入密码.....
2019-10-20 14:10:45,365--[INFO]: 输入验证码......
2019-10-20 14:10:48,939--[INFO]: 登录....
2019-10-20 14:10:51,948--[INFO]: 登录成功
2019-10-20 14:11:00,229--[INFO]: 关闭http://192.168.20.152:8081/zzs_kpfw_manager/login.htm页面
2019-10-20 14:11:00,230--[INFO]: 



2019-10-20 14:11:46,887--[INFO]: 登录的url为:http://192.168.20.193:8081/zzs_kpfw_manager/login.htm
2019-10-20 14:11:49,415--[INFO]: 识别出的验证码:None
2019-10-20 14:11:50,417--[INFO]: 识别为None,重新刷新网页继续识别
2019-10-20 14:11:51,840--[INFO]: 识别出的验证码:2795
2019-10-20 14:11:52,017--[INFO]: 输入账号.....
2019-10-20 14:11:53,159--[INFO]: 输入密码.....
2019-10-20 14:11:54,231--[INFO]: 输入验证码......
2019-10-20 14:11:55,550--[INFO]: 登录....
2019-10-20 14:11:58,560--[INFO]: 验证码不正确,重新请求网页
2019-10-20 14:12:01,887--[INFO]: 识别出的验证码:3558
2019-10-20 14:12:01,961--[INFO]: 输入账号.....
2019-10-20 14:12:03,064--[INFO]: 输入密码.....
2019-10-20 14:12:04,133--[INFO]: 输入验证码......
2019-10-20 14:12:05,548--[INFO]: 登录....
2019-10-20 14:12:08,558--[INFO]: 验证码不正确,重新请求网页
2019-10-20 14:12:54,637--[INFO]: 登录的url为:http://192.168.20.57:9081/zzs_kpfw_manager/login.htm
2019-10-20 14:12:57,271--[INFO]: 识别出的验证码:4763
2019-10-20 14:12:57,367--[INFO]: 输入账号.....
2019-10-20 14:12:58,631--[INFO]: 输入密码.....
2019-10-20 14:12:59,779--[INFO]: 输入验证码......
2019-10-20 14:13:05,061--[INFO]: 登录....
2019-10-20 14:13:08,072--[INFO]: 登录成功
2019-10-20 14:13:16,395--[INFO]: 关闭http://192.168.20.57:9081/zzs_kpfw_manager/login.htm页面
2019-10-20 14:13:16,396--[INFO]: 



2019-10-20 14:14:48,511--[INFO]: 登录的url为:http://192.168.20.152:8081/zzs_kpfw_manager/login.htm
2019-10-20 14:14:50,702--[INFO]: 识别出的验证码:None
2019-10-20 14:14:51,703--[INFO]: 识别为None,重新刷新网页继续识别
2019-10-20 14:14:53,006--[INFO]: 识别出的验证码:5689
2019-10-20 14:14:53,173--[INFO]: 输入账号.....
2019-10-20 14:14:54,393--[INFO]: 输入密码.....
2019-10-20 14:14:55,464--[INFO]: 输入验证码......
2019-10-20 14:14:59,771--[INFO]: 登录....
2019-10-20 14:15:02,781--[INFO]: 登录成功
2019-10-20 14:15:10,989--[INFO]: 关闭http://192.168.20.152:8081/zzs_kpfw_manager/login.htm页面
2019-10-20 14:15:10,989--[INFO]: 



2019-10-20 14:15:58,114--[INFO]: 登录的url为:http://192.168.20.193:8081/zzs_kpfw_manager/login.htm
2019-10-20 14:16:00,390--[INFO]: 识别出的验证码:9576
2019-10-20 14:16:00,491--[INFO]: 输入账号.....
2019-10-20 14:16:01,612--[INFO]: 输入密码.....
2019-10-20 14:16:02,683--[INFO]: 输入验证码......
2019-10-20 14:16:06,502--[INFO]: 登录....
2019-10-20 14:16:09,512--[INFO]: 登录成功
2019-10-20 14:16:17,728--[INFO]: 关闭http://192.168.20.193:8081/zzs_kpfw_manager/login.htm页面
2019-10-20 14:16:17,729--[INFO]: 



2019-10-21 14:32:13,003--[INFO]: 登录的url为:http://192.168.20.152:8081/zzs_kpfw_manager/login.htm
2019-10-21 14:34:19,553--[INFO]: 登录的url为:http://192.168.20.57:9181/zzs_kpfw_manager/login.htm
2019-10-21 14:38:27,997--[INFO]: 登录的url为:http://192.168.20.57:9581/zzs_kpfw_manager/login.htm
2019-10-21 14:38:30,535--[INFO]: 识别出的验证码:045
2019-10-21 14:38:31,536--[INFO]: 验证码不足4位,重新刷新网页继续识别
2019-10-21 14:38:33,201--[INFO]: 识别出的验证码:789
2019-10-21 14:38:34,202--[INFO]: 验证码不足4位,重新刷新网页继续识别
2019-10-21 14:38:35,685--[INFO]: 识别出的验证码:0433
2019-10-21 14:38:35,808--[INFO]: 输入账号.....
2019-10-21 14:38:36,922--[INFO]: 输入密码.....
2019-10-21 14:38:37,996--[INFO]: 输入验证码......
2019-10-21 14:38:40,730--[INFO]: 登录....
2019-10-21 14:38:43,746--[INFO]: 登录成功
2019-10-21 14:38:52,008--[INFO]: 关闭http://192.168.20.57:9581/zzs_kpfw_manager/login.htm页面
2019-10-21 14:38:52,008--[INFO]: 



2019-10-21 14:38:55,690--[INFO]: 登录的url为:http://192.168.20.152:8081/zzs_kpfw_manager/login.htm
2019-10-21 14:38:58,348--[INFO]: 识别出的验证码:7009
2019-10-21 14:38:58,526--[INFO]: 输入账号.....
2019-10-21 14:38:59,669--[INFO]: 输入密码.....
2019-10-21 14:39:00,760--[INFO]: 输入验证码......
2019-10-21 14:39:04,057--[INFO]: 登录....
2019-10-21 14:39:07,072--[INFO]: 登录成功
2019-10-21 14:39:15,306--[INFO]: 关闭http://192.168.20.152:8081/zzs_kpfw_manager/login.htm页面
2019-10-21 14:39:15,306--[INFO]: 



2019-10-21 14:39:20,314--[INFO]: 登录的url为:http://192.168.20.175:8081/zzs_kpfw_manager/login.htm
2019-10-21 14:39:22,756--[INFO]: 识别出的验证码:670
2019-10-21 14:39:23,756--[INFO]: 验证码不足4位,重新刷新网页继续识别
2019-10-21 14:39:25,223--[INFO]: 识别出的验证码:5117
2019-10-21 14:39:25,558--[INFO]: 输入账号.....
2019-10-21 14:39:26,682--[INFO]: 输入密码.....
2019-10-21 14:39:27,765--[INFO]: 输入验证码......
2019-10-21 14:39:28,992--[INFO]: 登录....
2019-10-21 14:39:32,000--[INFO]: 验证码不正确,重新请求网页
2019-10-21 14:39:35,449--[INFO]: 识别出的验证码:487
2019-10-21 14:39:36,451--[INFO]: 验证码不足4位,重新刷新网页继续识别
2019-10-21 14:39:38,083--[INFO]: 识别出的验证码:748
2019-10-21 14:39:39,085--[INFO]: 验证码不足4位,重新刷新网页继续识别
2019-10-21 14:39:41,237--[INFO]: 识别出的验证码:684
2019-10-21 14:39:42,237--[INFO]: 验证码不足4位,重新刷新网页继续识别
2019-10-21 14:39:43,993--[INFO]: 识别出的验证码:4987
2019-10-21 14:39:44,075--[INFO]: 输入账号.....
2019-10-21 14:39:45,206--[INFO]: 输入密码.....
2019-10-21 14:39:46,295--[INFO]: 输入验证码......
2019-10-21 14:39:47,584--[INFO]: 登录....
2019-10-21 14:39:50,592--[INFO]: 验证码不正确,重新请求网页
2019-10-21 14:39:54,279--[INFO]: 识别出的验证码:967
2019-10-21 14:39:55,279--[INFO]: 验证码不足4位,重新刷新网页继续识别
2019-10-21 14:39:56,581--[INFO]: 识别出的验证码:1394
2019-10-21 14:39:56,664--[INFO]: 输入账号.....
2019-10-21 14:39:57,776--[INFO]: 输入密码.....
2019-10-21 14:39:58,853--[INFO]: 输入验证码......
2019-10-21 14:40:04,152--[INFO]: 登录....
2019-10-21 14:40:07,161--[INFO]: 登录成功
2019-10-21 14:40:15,423--[INFO]: 关闭http://192.168.20.175:8081/zzs_kpfw_manager/login.htm页面
2019-10-21 14:40:15,424--[INFO]: 



2019-10-21 14:40:19,081--[INFO]: 登录的url为:http://192.168.20.57:9081/zzs_kpfw_manager/login.htm
2019-10-21 14:40:21,439--[INFO]: 识别出的验证码:594
2019-10-21 14:40:22,440--[INFO]: 验证码不足4位,重新刷新网页继续识别
2019-10-21 14:40:23,860--[INFO]: 识别出的验证码:1680
2019-10-21 14:40:23,945--[INFO]: 输入账号.....
2019-10-21 14:40:25,056--[INFO]: 输入密码.....
2019-10-21 14:40:26,133--[INFO]: 输入验证码......
2019-10-21 14:40:27,447--[INFO]: 登录....
2019-10-21 14:40:30,521--[INFO]: 验证码不正确,重新请求网页
2019-10-21 14:40:33,847--[INFO]: 识别出的验证码:31
2019-10-21 14:40:34,847--[INFO]: 验证码不足4位,重新刷新网页继续识别
2019-10-21 14:40:36,250--[INFO]: 识别出的验证码:8716
2019-10-21 14:40:36,332--[INFO]: 输入账号.....
2019-10-21 14:40:37,450--[INFO]: 输入密码.....
2019-10-21 14:40:38,521--[INFO]: 输入验证码......
2019-10-21 14:40:39,715--[INFO]: 登录....
2019-10-21 14:40:42,726--[INFO]: 验证码不正确,重新请求网页
2019-10-21 14:40:45,933--[INFO]: 识别出的验证码:1749
2019-10-21 14:40:46,038--[INFO]: 输入账号.....
2019-10-21 14:40:47,171--[INFO]: 输入密码.....
2019-10-21 14:40:48,262--[INFO]: 输入验证码......
2019-10-21 14:40:53,770--[INFO]: 登录....
2019-10-21 15:15:12,990--[INFO]: 登录的url为:http://192.168.20.57:9581/zzs_kpfw_manager/login.htm
2019-10-21 15:15:15,490--[INFO]: 识别出的验证码:4516
2019-10-21 15:15:15,570--[INFO]: 输入账号.....
2019-10-21 15:15:16,684--[INFO]: 输入密码.....
2019-10-21 15:15:17,769--[INFO]: 输入验证码......
2019-10-21 15:15:21,467--[INFO]: 登录....
2019-10-21 15:15:24,478--[INFO]: 登录成功
2019-10-21 15:15:32,758--[INFO]: 关闭http://192.168.20.57:9581/zzs_kpfw_manager/login.htm页面
2019-10-21 15:15:32,758--[INFO]: 



2019-10-21 15:15:36,107--[INFO]: 登录的url为:http://192.168.20.152:8081/zzs_kpfw_manager/login.htm
2019-10-21 15:15:38,382--[INFO]: 识别出的验证码:07
2019-10-21 15:15:39,383--[INFO]: 验证码不足4位,重新刷新网页继续识别
2019-10-21 15:15:40,794--[INFO]: 识别出的验证码:565
2019-10-21 15:15:41,794--[INFO]: 验证码不足4位,重新刷新网页继续识别
2019-10-21 15:15:43,180--[INFO]: 识别出的验证码:9
2019-10-21 15:15:44,181--[INFO]: 验证码不足4位,重新刷新网页继续识别
2019-10-21 15:15:45,498--[INFO]: 识别出的验证码:9714
2019-10-21 15:15:45,645--[INFO]: 输入账号.....
2019-10-21 15:15:46,827--[INFO]: 输入密码.....
2019-10-21 15:15:47,934--[INFO]: 输入验证码......
2019-10-21 15:15:50,404--[INFO]: 登录....
2019-10-21 15:15:53,418--[INFO]: 登录成功
2019-10-21 15:16:01,776--[INFO]: 关闭http://192.168.20.152:8081/zzs_kpfw_manager/login.htm页面
2019-10-21 15:16:01,776--[INFO]: 



2019-10-21 15:16:05,401--[INFO]: 登录的url为:http://192.168.20.181:8081/zzs_kpfw_manager/login.htm
2019-10-21 15:16:07,816--[INFO]: 识别出的验证码:35
2019-10-21 15:16:08,817--[INFO]: 验证码不足4位,重新刷新网页继续识别
2019-10-21 15:16:10,305--[INFO]: 识别出的验证码:8857
2019-10-21 15:16:10,411--[INFO]: 输入账号.....
2019-10-21 15:16:11,525--[INFO]: 输入密码.....
2019-10-21 15:16:12,614--[INFO]: 输入验证码......
2019-10-21 15:16:15,396--[INFO]: 登录....
2019-10-21 15:16:18,405--[INFO]: 登录成功
2019-10-21 15:16:26,672--[INFO]: 关闭http://192.168.20.181:8081/zzs_kpfw_manager/login.htm页面
2019-10-21 15:16:26,673--[INFO]: 



2019-10-21 15:16:30,000--[INFO]: 登录的url为:http://192.168.20.57:9081/zzs_kpfw_manager/login.htm
2019-10-21 15:16:32,223--[INFO]: 识别出的验证码:8655
2019-10-21 15:16:32,354--[INFO]: 输入账号.....
2019-10-21 15:16:33,503--[INFO]: 输入密码.....
2019-10-21 15:16:34,637--[INFO]: 输入验证码......
2019-10-21 15:16:37,391--[INFO]: 登录....
2019-10-21 15:16:40,402--[INFO]: 登录成功
2019-10-21 15:16:48,673--[INFO]: 关闭http://192.168.20.57:9081/zzs_kpfw_manager/login.htm页面
2019-10-21 15:16:48,673--[INFO]: 



2019-10-21 15:16:53,790--[INFO]: 登录的url为:http://192.168.20.57:9181/zzs_kpfw_manager/login.htm
2019-10-21 15:16:56,099--[INFO]: 识别出的验证码:4957
2019-10-21 15:16:56,220--[INFO]: 输入账号.....
2019-10-21 15:16:57,362--[INFO]: 输入密码.....
2019-10-21 15:16:58,446--[INFO]: 输入验证码......
2019-10-21 15:17:01,209--[INFO]: 登录....
2019-10-21 15:17:04,219--[INFO]: 登录成功
2019-10-21 15:17:12,507--[INFO]: 关闭http://192.168.20.57:9181/zzs_kpfw_manager/login.htm页面
2019-10-21 15:17:12,508--[INFO]: 



2019-10-21 15:17:16,986--[INFO]: 登录的url为:http://192.168.20.193:8081/zzs_kpfw_manager/login.htm
2019-10-21 15:17:19,396--[INFO]: 识别出的验证码:9760
2019-10-21 15:17:19,499--[INFO]: 输入账号.....
2019-10-21 15:17:20,616--[INFO]: 输入密码.....
2019-10-21 15:17:21,725--[INFO]: 输入验证码......
2019-10-21 15:17:24,613--[INFO]: 登录....
2019-10-21 15:17:27,622--[INFO]: 登录成功
2019-10-21 15:17:35,873--[INFO]: 关闭http://192.168.20.193:8081/zzs_kpfw_manager/login.htm页面
2019-10-21 15:17:35,874--[INFO]: 



2019-10-21 15:17:40,191--[INFO]: 登录的url为:http://192.168.20.197:8081/zzs_kpfw_manager/login.htm
2019-10-21 15:17:42,588--[INFO]: 识别出的验证码:057
2019-10-21 15:17:43,589--[INFO]: 验证码不足4位,重新刷新网页继续识别
2019-10-21 15:17:45,404--[INFO]: 识别出的验证码:731
2019-10-21 15:17:46,405--[INFO]: 验证码不足4位,重新刷新网页继续识别
2019-10-21 15:17:48,191--[INFO]: 识别出的验证码:090
2019-10-21 15:17:49,191--[INFO]: 验证码不足4位,重新刷新网页继续识别
2019-10-21 15:17:50,720--[INFO]: 识别出的验证码:008
2019-10-21 15:17:51,720--[INFO]: 验证码不足4位,重新刷新网页继续识别
2019-10-21 15:17:53,175--[INFO]: 识别出的验证码:9444
2019-10-21 15:17:53,253--[INFO]: 输入账号.....
2019-10-21 15:17:54,342--[INFO]: 输入密码.....
2019-10-21 15:17:55,420--[INFO]: 输入验证码......
2019-10-21 15:17:58,084--[INFO]: 登录....
2019-10-21 15:18:01,106--[INFO]: 登录成功
2019-10-21 15:18:09,452--[INFO]: 关闭http://192.168.20.197:8081/zzs_kpfw_manager/login.htm页面
2019-10-21 15:18:09,452--[INFO]: 



2019-10-21 15:18:20,251--[INFO]: 登录的url为:http://192.168.20.175:8081/zzs_kpfw_manager/login.htm
2019-10-21 15:18:23,034--[INFO]: 识别出的验证码:04
2019-10-21 15:18:24,035--[INFO]: 验证码不足4位,重新刷新网页继续识别
2019-10-21 15:18:25,499--[INFO]: 识别出的验证码:9504
2019-10-21 15:18:25,602--[INFO]: 输入账号.....
2019-10-21 15:18:26,711--[INFO]: 输入密码.....
2019-10-21 15:18:27,784--[INFO]: 输入验证码......
2019-10-21 15:18:30,272--[INFO]: 登录....
2019-10-21 15:18:33,288--[INFO]: 登录成功
2019-10-21 15:18:41,568--[INFO]: 关闭http://192.168.20.175:8081/zzs_kpfw_manager/login.htm页面
2019-10-21 15:18:41,568--[INFO]: 



2019-10-21 15:18:44,806--[INFO]: 登录的url为:http://192.168.20.57:9881/zzs_kpfw_manager/login.htm
2019-10-21 15:18:47,228--[INFO]: 识别出的验证码:6433
2019-10-21 15:18:47,391--[INFO]: 输入账号.....
2019-10-21 15:18:48,537--[INFO]: 输入密码.....
2019-10-21 15:18:49,615--[INFO]: 输入验证码......
2019-10-21 15:18:52,498--[INFO]: 登录....
2019-10-21 15:18:55,509--[INFO]: 登录成功
2019-10-21 15:19:03,718--[INFO]: 关闭http://192.168.20.57:9881/zzs_kpfw_manager/login.htm页面
2019-10-21 15:19:03,718--[INFO]: 



2019-10-21 15:19:07,274--[INFO]: 登录的url为:http://192.168.20.212:8081/zzs_kpfw_manager/login.htm
2019-10-21 15:19:09,691--[INFO]: 识别出的验证码:4856
2019-10-21 15:19:09,827--[INFO]: 输入账号.....
2019-10-21 15:19:10,977--[INFO]: 输入密码.....
2019-10-21 15:19:12,096--[INFO]: 输入验证码......
2019-10-21 15:19:18,339--[INFO]: 登录....
2019-10-21 15:19:21,349--[INFO]: 登录成功
2019-10-21 15:19:29,666--[INFO]: 关闭http://192.168.20.212:8081/zzs_kpfw_manager/login.htm页面
2019-10-21 15:19:29,666--[INFO]: 



2019-10-21 15:24:57,368--[INFO]: 登录的url为:http://192.168.20.193:8081/zzs_kpfw_manager/login.htm
2019-10-21 15:24:59,898--[INFO]: 识别出的验证码:0085
2019-10-21 15:25:00,202--[INFO]: 输入账号.....
2019-10-21 15:25:01,307--[INFO]: 输入密码.....
2019-10-21 15:25:02,393--[INFO]: 输入验证码......
2019-10-21 15:25:05,091--[INFO]: 登录....
2019-10-21 15:25:08,107--[INFO]: 登录成功
2019-10-21 15:25:16,358--[INFO]: 关闭http://192.168.20.193:8081/zzs_kpfw_manager/login.htm页面
2019-10-21 15:25:16,358--[INFO]: 



2019-10-21 15:30:24,075--[INFO]: 登录的url为:http://192.168.20.181:8081/zzs_kpfw_manager/login.htm
2019-10-21 15:30:26,553--[INFO]: 识别出的验证码:5880
2019-10-21 15:30:26,645--[INFO]: 输入账号.....
2019-10-21 15:30:27,770--[INFO]: 输入密码.....
2019-10-21 15:30:28,836--[INFO]: 输入验证码......
2019-10-21 15:30:30,035--[INFO]: 登录....
2019-10-21 15:30:33,044--[INFO]: 验证码不正确,重新请求网页
2019-10-21 15:30:36,488--[INFO]: 识别出的验证码:135
2019-10-21 15:30:37,489--[INFO]: 验证码不足4位,重新刷新网页继续识别
2019-10-21 15:30:38,854--[INFO]: 识别出的验证码:5
2019-10-21 15:30:39,856--[INFO]: 验证码不足4位,重新刷新网页继续识别
2019-10-21 15:30:41,166--[INFO]: 识别出的验证码:0770
2019-10-21 15:30:41,242--[INFO]: 输入账号.....
2019-10-21 15:30:42,364--[INFO]: 输入密码.....
2019-10-21 15:30:43,439--[INFO]: 输入验证码......
2019-10-21 15:30:46,049--[INFO]: 登录....
2019-10-21 15:30:49,057--[INFO]: 登录成功
2019-10-21 15:30:57,306--[INFO]: 关闭http://192.168.20.181:8081/zzs_kpfw_manager/login.htm页面
2019-10-21 15:30:57,306--[INFO]: 



2019-10-21 15:31:26,321--[INFO]: 登录的url为:http://192.168.20.175:8081/zzs_kpfw_manager/login.htm
2019-10-21 15:31:28,728--[INFO]: 识别出的验证码:5961
2019-10-21 15:31:28,903--[INFO]: 输入账号.....
2019-10-21 15:31:30,088--[INFO]: 输入密码.....
2019-10-21 15:31:31,192--[INFO]: 输入验证码......
2019-10-21 15:31:33,715--[INFO]: 登录....
2019-10-21 15:31:36,729--[INFO]: 登录成功
2019-10-21 15:31:44,991--[INFO]: 关闭http://192.168.20.175:8081/zzs_kpfw_manager/login.htm页面
2019-10-21 15:31:44,991--[INFO]: 



2019-10-21 15:32:08,651--[INFO]: 登录的url为:http://192.168.20.57:9181/zzs_kpfw_manager/login.htm
2019-10-21 15:32:10,924--[INFO]: 识别出的验证码:847
2019-10-21 15:32:11,925--[INFO]: 验证码不足4位,重新刷新网页继续识别
2019-10-21 15:32:13,253--[INFO]: 识别出的验证码:4737
2019-10-21 15:32:13,338--[INFO]: 输入账号.....
2019-10-21 15:32:14,449--[INFO]: 输入密码.....
2019-10-21 15:32:15,980--[INFO]: 输入验证码......
2019-10-21 15:32:19,633--[INFO]: 登录....
2019-10-21 15:32:22,643--[INFO]: 登录成功
2019-10-21 15:32:30,934--[INFO]: 关闭http://192.168.20.57:9181/zzs_kpfw_manager/login.htm页面
2019-10-21 15:32:30,934--[INFO]: 



2019-10-21 15:32:34,700--[INFO]: 登录的url为:http://192.168.20.197:8081/zzs_kpfw_manager/login.htm
2019-10-21 15:32:37,057--[INFO]: 识别出的验证码:4908
2019-10-21 15:32:37,186--[INFO]: 输入账号.....
2019-10-21 15:32:38,405--[INFO]: 输入密码.....
2019-10-21 15:32:39,576--[INFO]: 输入验证码......
2019-10-21 15:32:42,510--[INFO]: 登录....
2019-10-21 15:32:45,523--[INFO]: 登录成功
2019-10-21 15:32:54,005--[INFO]: 关闭http://192.168.20.197:8081/zzs_kpfw_manager/login.htm页面
2019-10-21 15:32:54,005--[INFO]: 



2019-10-21 15:33:38,082--[INFO]: 登录的url为:http://192.168.20.152:8081/zzs_kpfw_manager/login.htm
2019-10-21 15:33:40,840--[INFO]: 识别出的验证码:380
2019-10-21 15:33:41,841--[INFO]: 验证码不足4位,重新刷新网页继续识别
